<?xml version="1.0" encoding="UTF-8"?>
<testng-results ignored="0" total="2" passed="1" failed="1" skipped="0">
  <reporter-output>
  </reporter-output>
  <suite started-at="2022-06-07T19:05:04 IST" name="Default suite" finished-at="2022-06-07T19:05:44 IST" duration-ms="40002">
    <groups>
      <group name="cucumber">
        <method signature="AbstractTestNGCucumberTests.runScenario(io.cucumber.testng.PickleWrapper,io.cucumber.testng.FeatureWrapper)[pri:0, instance:com.tomvc.runnerclass.TestNGRunnerClass@17f62e33]" name="runScenario" class="io.cucumber.testng.AbstractTestNGCucumberTests"/>
      </group> <!-- cucumber -->
    </groups>
    <test started-at="2022-06-07T19:05:04 IST" name="Default test" finished-at="2022-06-07T19:05:44 IST" duration-ms="40002">
      <class name="com.tomvc.runnerclass.TestNGRunnerClass">
        <test-method is-config="true" signature="setUpClass(org.testng.ITestContext)[pri:0, instance:com.tomvc.runnerclass.TestNGRunnerClass@17f62e33]" started-at="2022-06-07T19:05:04 IST" name="setUpClass" finished-at="2022-06-07T19:05:04 IST" duration-ms="309" status="PASS">
          <params>
            <param index="0">
              <value>
                <![CDATA[org.testng.TestRunner@2703d91]]>
              </value>
            </param>
          </params>
          <reporter-output>
          </reporter-output>
        </test-method> <!-- setUpClass -->
        <test-method signature="runScenario(io.cucumber.testng.PickleWrapper,io.cucumber.testng.FeatureWrapper)[pri:0, instance:com.tomvc.runnerclass.TestNGRunnerClass@17f62e33]" started-at="2022-06-07T19:05:04 IST" name="runScenario" description="Runs Cucumber Scenarios" data-provider="scenarios" finished-at="2022-06-07T19:05:29 IST" duration-ms="25239" status="PASS">
          <params>
            <param index="0">
              <value>
                <![CDATA["Enter the to do task"]]>
              </value>
            </param>
            <param index="1">
              <value>
                <![CDATA["TodoFunctionality Testcases"]]>
              </value>
            </param>
          </params>
          <reporter-output>
          </reporter-output>
        </test-method> <!-- runScenario -->
        <test-method signature="runScenario(io.cucumber.testng.PickleWrapper,io.cucumber.testng.FeatureWrapper)[pri:0, instance:com.tomvc.runnerclass.TestNGRunnerClass@17f62e33]" started-at="2022-06-07T19:05:29 IST" name="runScenario" description="Runs Cucumber Scenarios" data-provider="scenarios" finished-at="2022-06-07T19:05:44 IST" duration-ms="14390" status="FAIL">
          <params>
            <param index="0">
              <value>
                <![CDATA["Verify by selecting any task"]]>
              </value>
            </param>
            <param index="1">
              <value>
                <![CDATA["TodoFunctionality Testcases"]]>
              </value>
            </param>
          </params>
          <exception class="io.cucumber.java.PendingException">
            <message>
              <![CDATA[TODO: implement me]]>
            </message>
            <full-stacktrace>
              <![CDATA[io.cucumber.java.PendingException: TODO: implement me
at com.toddomvc.stepdefinition.Stepdef.the_selected_task_to_be_completed(Stepdef.java:73)
at ✽.the selected task to be completed(file:///D:/eclipseNewWorkspace/TodoMVC/src/main/resources/Featurefiles/TodoMVC.feature:45)
]]>
            </full-stacktrace>
          </exception> <!-- io.cucumber.java.PendingException -->
          <reporter-output>
          </reporter-output>
        </test-method> <!-- runScenario -->
        <test-method is-config="true" signature="tearDownClass()[pri:0, instance:com.tomvc.runnerclass.TestNGRunnerClass@17f62e33]" started-at="2022-06-07T19:05:44 IST" name="tearDownClass" finished-at="2022-06-07T19:05:44 IST" duration-ms="16" status="PASS">
          <reporter-output>
          </reporter-output>
        </test-method> <!-- tearDownClass -->
      </class> <!-- com.tomvc.runnerclass.TestNGRunnerClass -->
    </test> <!-- Default test -->
  </suite> <!-- Default suite -->
</testng-results>
