<?xml version="1.0" encoding="UTF-8"?>
<!-- Generated by org.testng.reporters.JUnitReportReporter -->
<testsuite hostname="ISCHLAPHP18207" failures="0" tests="2" name="com.tomvc.runnerclass.TestNGRunnerClass" time="39.629" errors="1" timestamp="2022-06-07T19:05:46 IST" skipped="0">
  <testcase classname="com.tomvc.runnerclass.TestNGRunnerClass" name="runScenario" time="25.239"/>
  <system-out/>
  <testcase classname="com.tomvc.runnerclass.TestNGRunnerClass" name="runScenario" time="14.390">
    <error message="TODO: implement me" type="io.cucumber.java.PendingException">
      <![CDATA[io.cucumber.java.PendingException: TODO: implement me
at com.toddomvc.stepdefinition.Stepdef.the_selected_task_to_be_completed(Stepdef.java:73)
at ✽.the selected task to be completed(file:///D:/eclipseNewWorkspace/TodoMVC/src/main/resources/Featurefiles/TodoMVC.feature:45)
]]>
    </error>
  </testcase> <!-- runScenario -->
  <system-out/>
</testsuite> <!-- com.tomvc.runnerclass.TestNGRunnerClass -->
